<?xml version="1.0" encoding="UTF-8"?>
<!-- Generated by org.testng.reporters.JUnitReportReporter -->
<testsuite skipped="0" hostname="MyComputer" name="com.practiceteam.testcase.AlterTest" tests="2" failures="0" timestamp="12 Mar 2020 02:29:36 GMT" time="20.868" errors="0">
  <testcase name="checkAlert" time="2.287" classname="com.practiceteam.testcase.AlterTest"/>
  <testcase name="callwindowspage" time="18.581" classname="com.practiceteam.testcase.AlterTest"/>
</testsuite> <!-- com.practiceteam.testcase.AlterTest -->
